Analysis & Synthesis report for PingPong
Tue Apr 04 15:45:56 2023
Quartus Prime Version 20.1.1 Build 720 11/11/2020 SJ Lite Edition


---------------------
; Table of Contents ;
---------------------
  1. Legal Notice
  2. Analysis & Synthesis Summary
  3. Analysis & Synthesis Settings
  4. Parallel Compilation
  5. Analysis & Synthesis Source Files Read
  6. Analysis & Synthesis Resource Usage Summary
  7. Analysis & Synthesis Resource Utilization by Entity
  8. Registers Removed During Synthesis
  9. Removed Registers Triggering Further Register Optimizations
 10. General Register Statistics
 11. Multiplexer Restructuring Statistics (Restructuring Performed)
 12. Parameter Settings for User Entity Instance: Clock_Divider:c1
 13. Port Connectivity Checks: "VGA_Signal_Generator:v1"
 14. Post-Synthesis Netlist Statistics for Top Partition
 15. Elapsed Time Per Partition
 16. Analysis & Synthesis Messages
 17. Analysis & Synthesis Suppressed Messages



----------------
; Legal Notice ;
----------------
Copyright (C) 2020  Intel Corporation. All rights reserved.
Your use of Intel Corporation's design tools, logic functions 
and other software and tools, and any partner logic 
functions, and any output files from any of the foregoing 
(including device programming or simulation files), and any 
associated documentation or information are expressly subject 
to the terms and conditions of the Intel Program License 
Subscription Agreement, the Intel Quartus Prime License Agreement,
the Intel FPGA IP License Agreement, or other applicable license
agreement, including, without limitation, that your use is for
the sole purpose of programming logic devices manufactured by
Intel and sold by Intel or its authorized distributors.  Please
refer to the applicable agreement for further details, at
https://fpgasoftware.intel.com/eula.



+----------------------------------------------------------------------------------+
; Analysis & Synthesis Summary                                                     ;
+------------------------------------+---------------------------------------------+
; Analysis & Synthesis Status        ; Successful - Tue Apr 04 15:45:56 2023       ;
; Quartus Prime Version              ; 20.1.1 Build 720 11/11/2020 SJ Lite Edition ;
; Revision Name                      ; PingPong                                    ;
; Top-level Entity Name              ; Top_Module                                  ;
; Family                             ; MAX 10                                      ;
; Total logic elements               ; 429                                         ;
;     Total combinational functions  ; 429                                         ;
;     Dedicated logic registers      ; 111                                         ;
; Total registers                    ; 111                                         ;
; Total pins                         ; 34                                          ;
; Total virtual pins                 ; 0                                           ;
; Total memory bits                  ; 0                                           ;
; Embedded Multiplier 9-bit elements ; 0                                           ;
; Total PLLs                         ; 0                                           ;
; UFM blocks                         ; 0                                           ;
; ADC blocks                         ; 0                                           ;
+------------------------------------+---------------------------------------------+


+------------------------------------------------------------------------------------------------------------+
; Analysis & Synthesis Settings                                                                              ;
+------------------------------------------------------------------+--------------------+--------------------+
; Option                                                           ; Setting            ; Default Value      ;
+------------------------------------------------------------------+--------------------+--------------------+
; Device                                                           ; 10M50DCF484C7G     ;                    ;
; Top-level entity name                                            ; Top_Module         ; PingPong           ;
; Family name                                                      ; MAX 10             ; Cyclone V          ;
; Use smart compilation                                            ; Off                ; Off                ;
; Enable parallel Assembler and Timing Analyzer during compilation ; On                 ; On                 ;
; Enable compact report table                                      ; Off                ; Off                ;
; Restructure Multiplexers                                         ; Auto               ; Auto               ;
; Create Debugging Nodes for IP Cores                              ; Off                ; Off                ;
; Preserve fewer node names                                        ; On                 ; On                 ;
; Intel FPGA IP Evaluation Mode                                    ; Enable             ; Enable             ;
; Verilog Version                                                  ; Verilog_2001       ; Verilog_2001       ;
; VHDL Version                                                     ; VHDL_1993          ; VHDL_1993          ;
; State Machine Processing                                         ; Auto               ; Auto               ;
; Safe State Machine                                               ; Off                ; Off                ;
; Extract Verilog State Machines                                   ; On                 ; On                 ;
; Extract VHDL State Machines                                      ; On                 ; On                 ;
; Ignore Verilog initial constructs                                ; Off                ; Off                ;
; Iteration limit for constant Verilog loops                       ; 5000               ; 5000               ;
; Iteration limit for non-constant Verilog loops                   ; 250                ; 250                ;
; Add Pass-Through Logic to Inferred RAMs                          ; On                 ; On                 ;
; Infer RAMs from Raw Logic                                        ; On                 ; On                 ;
; Parallel Synthesis                                               ; On                 ; On                 ;
; DSP Block Balancing                                              ; Auto               ; Auto               ;
; NOT Gate Push-Back                                               ; On                 ; On                 ;
; Power-Up Don't Care                                              ; On                 ; On                 ;
; Remove Redundant Logic Cells                                     ; Off                ; Off                ;
; Remove Duplicate Registers                                       ; On                 ; On                 ;
; Ignore CARRY Buffers                                             ; Off                ; Off                ;
; Ignore CASCADE Buffers                                           ; Off                ; Off                ;
; Ignore GLOBAL Buffers                                            ; Off                ; Off                ;
; Ignore ROW GLOBAL Buffers                                        ; Off                ; Off                ;
; Ignore LCELL Buffers                                             ; Off                ; Off                ;
; Ignore SOFT Buffers                                              ; On                 ; On                 ;
; Limit AHDL Integers to 32 Bits                                   ; Off                ; Off                ;
; Optimization Technique                                           ; Balanced           ; Balanced           ;
; Carry Chain Length                                               ; 70                 ; 70                 ;
; Auto Carry Chains                                                ; On                 ; On                 ;
; Auto Open-Drain Pins                                             ; On                 ; On                 ;
; Perform WYSIWYG Primitive Resynthesis                            ; Off                ; Off                ;
; Auto ROM Replacement                                             ; On                 ; On                 ;
; Auto RAM Replacement                                             ; On                 ; On                 ;
; Auto DSP Block Replacement                                       ; On                 ; On                 ;
; Auto Shift Register Replacement                                  ; Auto               ; Auto               ;
; Allow Shift Register Merging across Hierarchies                  ; Auto               ; Auto               ;
; Auto Clock Enable Replacement                                    ; On                 ; On                 ;
; Strict RAM Replacement                                           ; Off                ; Off                ;
; Allow Synchronous Control Signals                                ; On                 ; On                 ;
; Force Use of Synchronous Clear Signals                           ; Off                ; Off                ;
; Auto RAM Block Balancing                                         ; On                 ; On                 ;
; Auto RAM to Logic Cell Conversion                                ; Off                ; Off                ;
; Auto Resource Sharing                                            ; Off                ; Off                ;
; Allow Any RAM Size For Recognition                               ; Off                ; Off                ;
; Allow Any ROM Size For Recognition                               ; Off                ; Off                ;
; Allow Any Shift Register Size For Recognition                    ; Off                ; Off                ;
; Use LogicLock Constraints during Resource Balancing              ; On                 ; On                 ;
; Ignore translate_off and synthesis_off directives                ; Off                ; Off                ;
; Timing-Driven Synthesis                                          ; On                 ; On                 ;
; Report Parameter Settings                                        ; On                 ; On                 ;
; Report Source Assignments                                        ; On                 ; On                 ;
; Report Connectivity Checks                                       ; On                 ; On                 ;
; Ignore Maximum Fan-Out Assignments                               ; Off                ; Off                ;
; Synchronization Register Chain Length                            ; 2                  ; 2                  ;
; Power Optimization During Synthesis                              ; Normal compilation ; Normal compilation ;
; HDL message level                                                ; Level2             ; Level2             ;
; Suppress Register Optimization Related Messages                  ; Off                ; Off                ;
; Number of Removed Registers Reported in Synthesis Report         ; 5000               ; 5000               ;
; Number of Swept Nodes Reported in Synthesis Report               ; 5000               ; 5000               ;
; Number of Inverted Registers Reported in Synthesis Report        ; 100                ; 100                ;
; Clock MUX Protection                                             ; On                 ; On                 ;
; Auto Gated Clock Conversion                                      ; Off                ; Off                ;
; Block Design Naming                                              ; Auto               ; Auto               ;
; SDC constraint protection                                        ; Off                ; Off                ;
; Synthesis Effort                                                 ; Auto               ; Auto               ;
; Shift Register Replacement - Allow Asynchronous Clear Signal     ; On                 ; On                 ;
; Pre-Mapping Resynthesis Optimization                             ; Off                ; Off                ;
; Analysis & Synthesis Message Level                               ; Medium             ; Medium             ;
; Disable Register Merging Across Hierarchies                      ; Auto               ; Auto               ;
; Resource Aware Inference For Block RAM                           ; On                 ; On                 ;
+------------------------------------------------------------------+--------------------+--------------------+


+------------------------------------------+
; Parallel Compilation                     ;
+----------------------------+-------------+
; Processors                 ; Number      ;
+----------------------------+-------------+
; Number detected on machine ; 8           ;
; Maximum allowed            ; 4           ;
;                            ;             ;
; Average used               ; 1.00        ;
; Maximum used               ; 4           ;
;                            ;             ;
; Usage by Processor         ; % Time Used ;
;     Processor 1            ; 100.0%      ;
;     Processor 2            ;   0.0%      ;
;     Processors 3-4         ;   0.0%      ;
+----------------------------+-------------+


+--------------------------------------------------------------------------------------------------------------------------------------------------------+
; Analysis & Synthesis Source Files Read                                                                                                                 ;
+----------------------------------+-----------------+------------------------+----------------------------------------------------------------+---------+
; File Name with User-Entered Path ; Used in Netlist ; File Type              ; File Name with Absolute Path                                   ; Library ;
+----------------------------------+-----------------+------------------------+----------------------------------------------------------------+---------+
; Seven_Segment_Display.v          ; yes             ; User Verilog HDL File  ; C:/Users/Anika/Desktop/ProjectPingPong/Seven_Segment_Display.v ;         ;
; Game_State.v                     ; yes             ; User Verilog HDL File  ; C:/Users/Anika/Desktop/ProjectPingPong/Game_State.v            ;         ;
; Clock_Divider.v                  ; yes             ; User Verilog HDL File  ; C:/Users/Anika/Desktop/ProjectPingPong/Clock_Divider.v         ;         ;
; Ball_Object.v                    ; yes             ; User Verilog HDL File  ; C:/Users/Anika/Desktop/ProjectPingPong/Ball_Object.v           ;         ;
; Paddle_Object.v                  ; yes             ; User Verilog HDL File  ; C:/Users/Anika/Desktop/ProjectPingPong/Paddle_Object.v         ;         ;
; VGA_Signal_Generator.v           ; yes             ; User Verilog HDL File  ; C:/Users/Anika/Desktop/ProjectPingPong/VGA_Signal_Generator.v  ;         ;
; VGA_Display.v                    ; yes             ; User Verilog HDL File  ; C:/Users/Anika/Desktop/ProjectPingPong/VGA_Display.v           ;         ;
; Top_Module.v                     ; yes             ; User Verilog HDL File  ; C:/Users/Anika/Desktop/ProjectPingPong/Top_Module.v            ;         ;
+----------------------------------+-----------------+------------------------+----------------------------------------------------------------+---------+


+---------------------------------------------------------+
; Analysis & Synthesis Resource Usage Summary             ;
+---------------------------------------------+-----------+
; Resource                                    ; Usage     ;
+---------------------------------------------+-----------+
; Estimated Total logic elements              ; 429       ;
;                                             ;           ;
; Total combinational functions               ; 429       ;
; Logic element usage by number of LUT inputs ;           ;
;     -- 4 input functions                    ; 84        ;
;     -- 3 input functions                    ; 157       ;
;     -- <=2 input functions                  ; 188       ;
;                                             ;           ;
; Logic elements by mode                      ;           ;
;     -- normal mode                          ; 170       ;
;     -- arithmetic mode                      ; 259       ;
;                                             ;           ;
; Total registers                             ; 111       ;
;     -- Dedicated logic registers            ; 111       ;
;     -- I/O registers                        ; 0         ;
;                                             ;           ;
; I/O pins                                    ; 34        ;
;                                             ;           ;
; Embedded Multiplier 9-bit elements          ; 0         ;
;                                             ;           ;
; Maximum fan-out node                        ; clk~input ;
; Maximum fan-out                             ; 61        ;
; Total fan-out                               ; 1619      ;
; Average fan-out                             ; 2.66      ;
+---------------------------------------------+-----------+


+--------------------------------------------------------------------------------------------------------------------------------------------------------------------------------------------------------------------------------------------------------------------------+
; Analysis & Synthesis Resource Utilization by Entity                                                                                                                                                                                                                      ;
+-----------------------------------+---------------------+---------------------------+-------------+------------+--------------+---------+-----------+------+--------------+------------+------------------------------------------+-----------------------+--------------+
; Compilation Hierarchy Node        ; Combinational ALUTs ; Dedicated Logic Registers ; Memory Bits ; UFM Blocks ; DSP Elements ; DSP 9x9 ; DSP 18x18 ; Pins ; Virtual Pins ; ADC blocks ; Full Hierarchy Name                      ; Entity Name           ; Library Name ;
+-----------------------------------+---------------------+---------------------------+-------------+------------+--------------+---------+-----------+------+--------------+------------+------------------------------------------+-----------------------+--------------+
; |Top_Module                       ; 429 (1)             ; 111 (0)                   ; 0           ; 0          ; 0            ; 0       ; 0         ; 34   ; 0            ; 0          ; |Top_Module                              ; Top_Module            ; work         ;
;    |Ball_Object:b1|               ; 181 (181)           ; 30 (30)                   ; 0           ; 0          ; 0            ; 0       ; 0         ; 0    ; 0            ; 0          ; |Top_Module|Ball_Object:b1               ; Ball_Object           ; work         ;
;    |Clock_Divider:c1|             ; 44 (44)             ; 33 (33)                   ; 0           ; 0          ; 0            ; 0       ; 0         ; 0    ; 0            ; 0          ; |Top_Module|Clock_Divider:c1             ; Clock_Divider         ; work         ;
;    |Game_State:comb_3|            ; 5 (5)               ; 2 (2)                     ; 0           ; 0          ; 0            ; 0       ; 0         ; 0    ; 0            ; 0          ; |Top_Module|Game_State:comb_3            ; Game_State            ; work         ;
;    |Paddle_Object:p1|             ; 118 (118)           ; 20 (20)                   ; 0           ; 0          ; 0            ; 0       ; 0         ; 0    ; 0            ; 0          ; |Top_Module|Paddle_Object:p1             ; Paddle_Object         ; work         ;
;    |Seven_Segment_Display:comb_4| ; 28 (28)             ; 0 (0)                     ; 0           ; 0          ; 0            ; 0       ; 0         ; 0    ; 0            ; 0          ; |Top_Module|Seven_Segment_Display:comb_4 ; Seven_Segment_Display ; work         ;
;    |VGA_Display:r1|               ; 10 (10)             ; 3 (3)                     ; 0           ; 0          ; 0            ; 0       ; 0         ; 0    ; 0            ; 0          ; |Top_Module|VGA_Display:r1               ; VGA_Display           ; work         ;
;    |VGA_Signal_Generator:v1|      ; 42 (42)             ; 23 (23)                   ; 0           ; 0          ; 0            ; 0       ; 0         ; 0    ; 0            ; 0          ; |Top_Module|VGA_Signal_Generator:v1      ; VGA_Signal_Generator  ; work         ;
+-----------------------------------+---------------------+---------------------------+-------------+------------+--------------+---------+-----------+------+--------------+------------+------------------------------------------+-----------------------+--------------+
Note: For table entries with two numbers listed, the numbers in parentheses indicate the number of resources of the given type used by the specific entity alone. The numbers listed outside of parentheses indicate the total resources of the given type used by the specific entity and all of its sub-entities in the hierarchy.


+---------------------------------------------------------------------------------+
; Registers Removed During Synthesis                                              ;
+----------------------------------------+----------------------------------------+
; Register name                          ; Reason for Removal                     ;
+----------------------------------------+----------------------------------------+
; Paddle_Object:p1|x_paddle2[0,1]        ; Stuck at GND due to stuck port data_in ;
; Paddle_Object:p1|x_paddle2[2]          ; Stuck at VCC due to stuck port data_in ;
; Paddle_Object:p1|x_paddle2[3,4]        ; Stuck at GND due to stuck port data_in ;
; Paddle_Object:p1|x_paddle2[5,6]        ; Stuck at VCC due to stuck port data_in ;
; Paddle_Object:p1|x_paddle2[7,8]        ; Stuck at GND due to stuck port data_in ;
; Paddle_Object:p1|x_paddle2[9]          ; Stuck at VCC due to stuck port data_in ;
; Paddle_Object:p1|x_paddle1[0,1]        ; Stuck at GND due to stuck port data_in ;
; Paddle_Object:p1|x_paddle1[2..4]       ; Stuck at VCC due to stuck port data_in ;
; Paddle_Object:p1|x_paddle1[5..9]       ; Stuck at GND due to stuck port data_in ;
; VGA_Display:r1|rgb_reg[1..3]           ; Merged with VGA_Display:r1|rgb_reg[0]  ;
; VGA_Display:r1|rgb_reg[5..7]           ; Merged with VGA_Display:r1|rgb_reg[4]  ;
; VGA_Display:r1|rgb_reg[8,9,11]         ; Merged with VGA_Display:r1|rgb_reg[10] ;
; Ball_Object:b1|dx[0]                   ; Stuck at VCC due to stuck port data_in ;
; Ball_Object:b1|dy[0]                   ; Stuck at VCC due to stuck port data_in ;
; Ball_Object:b1|dx[10..31]              ; Lost fanout                            ;
; Ball_Object:b1|dy[10..31]              ; Lost fanout                            ;
; Ball_Object:b1|dx[2..9]                ; Merged with Ball_Object:b1|dx[1]       ;
; Ball_Object:b1|dy[2..9]                ; Merged with Ball_Object:b1|dy[1]       ;
; Total Number of Removed Registers = 91 ;                                        ;
+----------------------------------------+----------------------------------------+


+---------------------------------------------------------------------------------------------------------+
; Removed Registers Triggering Further Register Optimizations                                             ;
+-------------------------------+---------------------------+---------------------------------------------+
; Register name                 ; Reason for Removal        ; Registers Removed due to This Register      ;
+-------------------------------+---------------------------+---------------------------------------------+
; Paddle_Object:p1|x_paddle2[0] ; Stuck at GND              ; Ball_Object:b1|dx[0], Ball_Object:b1|dx[30] ;
;                               ; due to stuck port data_in ;                                             ;
+-------------------------------+---------------------------+---------------------------------------------+


+------------------------------------------------------+
; General Register Statistics                          ;
+----------------------------------------------+-------+
; Statistic                                    ; Value ;
+----------------------------------------------+-------+
; Total registers                              ; 111   ;
; Number of registers using Synchronous Clear  ; 42    ;
; Number of registers using Synchronous Load   ; 40    ;
; Number of registers using Asynchronous Clear ; 0     ;
; Number of registers using Asynchronous Load  ; 0     ;
; Number of registers using Clock Enable       ; 70    ;
; Number of registers using Preset             ; 0     ;
+----------------------------------------------+-------+


+---------------------------------------------------------------------------------------------------------------------------------------------------------+
; Multiplexer Restructuring Statistics (Restructuring Performed)                                                                                          ;
+--------------------+-----------+---------------+----------------------+------------------------+------------+-------------------------------------------+
; Multiplexer Inputs ; Bus Width ; Baseline Area ; Area if Restructured ; Saving if Restructured ; Registered ; Example Multiplexer Output                ;
+--------------------+-----------+---------------+----------------------+------------------------+------------+-------------------------------------------+
; 3:1                ; 4 bits    ; 8 LEs         ; 4 LEs                ; 4 LEs                  ; Yes        ; |Top_Module|Ball_Object:b1|p2_score[1]    ;
; 3:1                ; 4 bits    ; 8 LEs         ; 4 LEs                ; 4 LEs                  ; Yes        ; |Top_Module|Ball_Object:b1|p1_score[1]    ;
; 3:1                ; 10 bits   ; 20 LEs        ; 10 LEs               ; 10 LEs                 ; Yes        ; |Top_Module|Paddle_Object:p1|y_paddle1[3] ;
; 3:1                ; 10 bits   ; 20 LEs        ; 10 LEs               ; 10 LEs                 ; Yes        ; |Top_Module|Paddle_Object:p1|y_paddle2[4] ;
; 5:1                ; 20 bits   ; 60 LEs        ; 20 LEs               ; 40 LEs                 ; Yes        ; |Top_Module|Ball_Object:b1|y_ball[0]      ;
; 4:1                ; 9 bits    ; 18 LEs        ; 9 LEs                ; 9 LEs                  ; No         ; |Top_Module|Ball_Object:b1|dx             ;
; 4:1                ; 9 bits    ; 18 LEs        ; 9 LEs                ; 9 LEs                  ; No         ; |Top_Module|Ball_Object:b1|dy             ;
+--------------------+-----------+---------------+----------------------+------------------------+------------+-------------------------------------------+


+---------------------------------------------------------------+
; Parameter Settings for User Entity Instance: Clock_Divider:c1 ;
+----------------+-------+--------------------------------------+
; Parameter Name ; Value ; Type                                 ;
+----------------+-------+--------------------------------------+
; D              ; 65000 ; Signed Integer                       ;
+----------------+-------+--------------------------------------+
Note: In order to hide this table in the UI and the text report file, please set the "Show Parameter Settings in Synthesis Report" option in "Analysis and Synthesis Settings -> More Settings" to "Off".


+-------------------------------------------------------------------------------------------------------------------------------------------------------------------------+
; Port Connectivity Checks: "VGA_Signal_Generator:v1"                                                                                                                     ;
+-------+-------+----------+----------------------------------------------------------------------------------------------------------------------------------------------+
; Port  ; Type  ; Severity ; Details                                                                                                                                      ;
+-------+-------+----------+----------------------------------------------------------------------------------------------------------------------------------------------+
; reset ; Input ; Warning  ; Declared by entity but not connected by instance. If a default value exists, it will be used.  Otherwise, the port will be connected to GND. ;
+-------+-------+----------+----------------------------------------------------------------------------------------------------------------------------------------------+


+-----------------------------------------------------+
; Post-Synthesis Netlist Statistics for Top Partition ;
+-----------------------+-----------------------------+
; Type                  ; Count                       ;
+-----------------------+-----------------------------+
; boundary_port         ; 34                          ;
; cycloneiii_ff         ; 111                         ;
;     ENA               ; 24                          ;
;     ENA SCLR          ; 6                           ;
;     ENA SLD           ; 40                          ;
;     SCLR              ; 36                          ;
;     plain             ; 5                           ;
; cycloneiii_lcell_comb ; 429                         ;
;     arith             ; 259                         ;
;         2 data inputs ; 115                         ;
;         3 data inputs ; 144                         ;
;     normal            ; 170                         ;
;         0 data inputs ; 11                          ;
;         1 data inputs ; 4                           ;
;         2 data inputs ; 58                          ;
;         3 data inputs ; 13                          ;
;         4 data inputs ; 84                          ;
;                       ;                             ;
; Max LUT depth         ; 7.40                        ;
; Average LUT depth     ; 4.54                        ;
+-----------------------+-----------------------------+


+-------------------------------+
; Elapsed Time Per Partition    ;
+----------------+--------------+
; Partition Name ; Elapsed Time ;
+----------------+--------------+
; Top            ; 00:00:00     ;
+----------------+--------------+


+-------------------------------+
; Analysis & Synthesis Messages ;
+-------------------------------+
Info: *******************************************************************
Info: Running Quartus Prime Analysis & Synthesis
    Info: Version 20.1.1 Build 720 11/11/2020 SJ Lite Edition
    Info: Processing started: Tue Apr 04 15:45:49 2023
Info: Command: quartus_map --read_settings_files=on --write_settings_files=off PingPong -c PingPong
Warning (18236): Number of processors has not been specified which may cause overloading on shared machines.  Set the global assignment NUM_PARALLEL_PROCESSORS in your QSF to an appropriate value for best performance.
Info (20030): Parallel compilation is enabled and will use 4 of the 4 processors detected
Info (12021): Found 1 design units, including 1 entities, in source file seven_segment_display.v
    Info (12023): Found entity 1: Seven_Segment_Display File: C:/Users/Anika/Desktop/ProjectPingPong/Seven_Segment_Display.v Line: 1
Info (12021): Found 1 design units, including 1 entities, in source file game_state.v
    Info (12023): Found entity 1: Game_State File: C:/Users/Anika/Desktop/ProjectPingPong/Game_State.v Line: 1
Info (12021): Found 1 design units, including 1 entities, in source file clock_divider.v
    Info (12023): Found entity 1: Clock_Divider File: C:/Users/Anika/Desktop/ProjectPingPong/Clock_Divider.v Line: 20
Info (12021): Found 1 design units, including 1 entities, in source file ball_object.v
    Info (12023): Found entity 1: Ball_Object File: C:/Users/Anika/Desktop/ProjectPingPong/Ball_Object.v Line: 1
Info (12021): Found 1 design units, including 1 entities, in source file paddle_object.v
    Info (12023): Found entity 1: Paddle_Object File: C:/Users/Anika/Desktop/ProjectPingPong/Paddle_Object.v Line: 1
Info (12021): Found 1 design units, including 1 entities, in source file vga_signal_generator.v
    Info (12023): Found entity 1: VGA_Signal_Generator File: C:/Users/Anika/Desktop/ProjectPingPong/VGA_Signal_Generator.v Line: 1
Info (12021): Found 1 design units, including 1 entities, in source file vga_display.v
    Info (12023): Found entity 1: VGA_Display File: C:/Users/Anika/Desktop/ProjectPingPong/VGA_Display.v Line: 1
Info (12021): Found 1 design units, including 1 entities, in source file top_module.v
    Info (12023): Found entity 1: Top_Module File: C:/Users/Anika/Desktop/ProjectPingPong/Top_Module.v Line: 1
Info (12021): Found 3 design units, including 3 entities, in source file debounce.v
    Info (12023): Found entity 1: Debounce File: C:/Users/Anika/Desktop/ProjectPingPong/Debounce.v Line: 5
    Info (12023): Found entity 2: clock_enable File: C:/Users/Anika/Desktop/ProjectPingPong/Debounce.v Line: 17
    Info (12023): Found entity 3: my_dff_en File: C:/Users/Anika/Desktop/ProjectPingPong/Debounce.v Line: 26
Critical Warning (10846): Verilog HDL Instantiation warning at Top_Module.v(38): instance has no name File: C:/Users/Anika/Desktop/ProjectPingPong/Top_Module.v Line: 38
Critical Warning (10846): Verilog HDL Instantiation warning at Top_Module.v(40): instance has no name File: C:/Users/Anika/Desktop/ProjectPingPong/Top_Module.v Line: 40
Info (12127): Elaborating entity "Top_Module" for the top level hierarchy
Info (12128): Elaborating entity "VGA_Signal_Generator" for hierarchy "VGA_Signal_Generator:v1" File: C:/Users/Anika/Desktop/ProjectPingPong/Top_Module.v Line: 20
Warning (10230): Verilog HDL assignment warning at VGA_Signal_Generator.v(41): truncated value with size 32 to match size of target (1) File: C:/Users/Anika/Desktop/ProjectPingPong/VGA_Signal_Generator.v Line: 41
Warning (10230): Verilog HDL assignment warning at VGA_Signal_Generator.v(71): truncated value with size 32 to match size of target (10) File: C:/Users/Anika/Desktop/ProjectPingPong/VGA_Signal_Generator.v Line: 71
Warning (10230): Verilog HDL assignment warning at VGA_Signal_Generator.v(75): truncated value with size 32 to match size of target (10) File: C:/Users/Anika/Desktop/ProjectPingPong/VGA_Signal_Generator.v Line: 75
Info (12128): Elaborating entity "VGA_Display" for hierarchy "VGA_Display:r1" File: C:/Users/Anika/Desktop/ProjectPingPong/Top_Module.v Line: 25
Info (12128): Elaborating entity "Clock_Divider" for hierarchy "Clock_Divider:c1" File: C:/Users/Anika/Desktop/ProjectPingPong/Top_Module.v Line: 27
Info (12128): Elaborating entity "Ball_Object" for hierarchy "Ball_Object:b1" File: C:/Users/Anika/Desktop/ProjectPingPong/Top_Module.v Line: 31
Warning (10230): Verilog HDL assignment warning at Ball_Object.v(33): truncated value with size 32 to match size of target (10) File: C:/Users/Anika/Desktop/ProjectPingPong/Ball_Object.v Line: 33
Warning (10230): Verilog HDL assignment warning at Ball_Object.v(34): truncated value with size 32 to match size of target (10) File: C:/Users/Anika/Desktop/ProjectPingPong/Ball_Object.v Line: 34
Warning (10230): Verilog HDL assignment warning at Ball_Object.v(56): truncated value with size 32 to match size of target (10) File: C:/Users/Anika/Desktop/ProjectPingPong/Ball_Object.v Line: 56
Warning (10230): Verilog HDL assignment warning at Ball_Object.v(57): truncated value with size 32 to match size of target (10) File: C:/Users/Anika/Desktop/ProjectPingPong/Ball_Object.v Line: 57
Warning (10230): Verilog HDL assignment warning at Ball_Object.v(60): truncated value with size 32 to match size of target (4) File: C:/Users/Anika/Desktop/ProjectPingPong/Ball_Object.v Line: 60
Warning (10230): Verilog HDL assignment warning at Ball_Object.v(64): truncated value with size 32 to match size of target (10) File: C:/Users/Anika/Desktop/ProjectPingPong/Ball_Object.v Line: 64
Warning (10230): Verilog HDL assignment warning at Ball_Object.v(65): truncated value with size 32 to match size of target (10) File: C:/Users/Anika/Desktop/ProjectPingPong/Ball_Object.v Line: 65
Warning (10230): Verilog HDL assignment warning at Ball_Object.v(68): truncated value with size 32 to match size of target (4) File: C:/Users/Anika/Desktop/ProjectPingPong/Ball_Object.v Line: 68
Warning (10230): Verilog HDL assignment warning at Ball_Object.v(72): truncated value with size 32 to match size of target (10) File: C:/Users/Anika/Desktop/ProjectPingPong/Ball_Object.v Line: 72
Warning (10230): Verilog HDL assignment warning at Ball_Object.v(73): truncated value with size 32 to match size of target (10) File: C:/Users/Anika/Desktop/ProjectPingPong/Ball_Object.v Line: 73
Warning (10230): Verilog HDL assignment warning at Ball_Object.v(84): truncated value with size 32 to match size of target (1) File: C:/Users/Anika/Desktop/ProjectPingPong/Ball_Object.v Line: 84
Info (12128): Elaborating entity "Paddle_Object" for hierarchy "Paddle_Object:p1" File: C:/Users/Anika/Desktop/ProjectPingPong/Top_Module.v Line: 36
Warning (10230): Verilog HDL assignment warning at Paddle_Object.v(38): truncated value with size 32 to match size of target (10) File: C:/Users/Anika/Desktop/ProjectPingPong/Paddle_Object.v Line: 38
Warning (10230): Verilog HDL assignment warning at Paddle_Object.v(39): truncated value with size 32 to match size of target (10) File: C:/Users/Anika/Desktop/ProjectPingPong/Paddle_Object.v Line: 39
Warning (10230): Verilog HDL assignment warning at Paddle_Object.v(46): truncated value with size 32 to match size of target (10) File: C:/Users/Anika/Desktop/ProjectPingPong/Paddle_Object.v Line: 46
Warning (10230): Verilog HDL assignment warning at Paddle_Object.v(48): truncated value with size 32 to match size of target (10) File: C:/Users/Anika/Desktop/ProjectPingPong/Paddle_Object.v Line: 48
Warning (10230): Verilog HDL assignment warning at Paddle_Object.v(52): truncated value with size 32 to match size of target (1) File: C:/Users/Anika/Desktop/ProjectPingPong/Paddle_Object.v Line: 52
Warning (10230): Verilog HDL assignment warning at Paddle_Object.v(61): truncated value with size 32 to match size of target (10) File: C:/Users/Anika/Desktop/ProjectPingPong/Paddle_Object.v Line: 61
Warning (10230): Verilog HDL assignment warning at Paddle_Object.v(62): truncated value with size 32 to match size of target (10) File: C:/Users/Anika/Desktop/ProjectPingPong/Paddle_Object.v Line: 62
Warning (10230): Verilog HDL assignment warning at Paddle_Object.v(69): truncated value with size 32 to match size of target (10) File: C:/Users/Anika/Desktop/ProjectPingPong/Paddle_Object.v Line: 69
Warning (10230): Verilog HDL assignment warning at Paddle_Object.v(71): truncated value with size 32 to match size of target (10) File: C:/Users/Anika/Desktop/ProjectPingPong/Paddle_Object.v Line: 71
Warning (10230): Verilog HDL assignment warning at Paddle_Object.v(75): truncated value with size 32 to match size of target (1) File: C:/Users/Anika/Desktop/ProjectPingPong/Paddle_Object.v Line: 75
Info (12128): Elaborating entity "Game_State" for hierarchy "Game_State:comb_3" File: C:/Users/Anika/Desktop/ProjectPingPong/Top_Module.v Line: 38
Info (12128): Elaborating entity "Seven_Segment_Display" for hierarchy "Seven_Segment_Display:comb_4" File: C:/Users/Anika/Desktop/ProjectPingPong/Top_Module.v Line: 40
Warning (12241): 1 hierarchies have connectivity warnings - see the Connectivity Checks report folder
Info (286030): Timing-Driven Synthesis is running
Info (17049): 44 registers lost all their fanouts during netlist optimizations.
Info (144001): Generated suppressed messages file C:/Users/Anika/Desktop/ProjectPingPong/output_files/PingPong.map.smsg
Info (16010): Generating hard_block partition "hard_block:auto_generated_inst"
    Info (16011): Adding 0 node(s), including 0 DDIO, 0 PLL, 0 transceiver and 0 LCELL
Info (21057): Implemented 463 device resources after synthesis - the final resource count might be different
    Info (21058): Implemented 6 input pins
    Info (21059): Implemented 28 output pins
    Info (21061): Implemented 429 logic cells
Info: Quartus Prime Analysis & Synthesis was successful. 0 errors, 28 warnings
    Info: Peak virtual memory: 4768 megabytes
    Info: Processing ended: Tue Apr 04 15:45:56 2023
    Info: Elapsed time: 00:00:07
    Info: Total CPU time (on all processors): 00:00:08


+------------------------------------------+
; Analysis & Synthesis Suppressed Messages ;
+------------------------------------------+
The suppressed messages can be found in C:/Users/Anika/Desktop/ProjectPingPong/output_files/PingPong.map.smsg.


